<?xml version="1.0" encoding="UTF-8"?>
<!-- Generated by org.testng.reporters.JUnitReportReporter -->
<testsuite hostname="Lenovo" failures="0" tests="2" name="script.ValidLogin" time="50.057" errors="0" timestamp="19 Aug 2021 14:12:36 GMT" skipped="0">
  <testcase classname="script.ValidLogin" name="testValidLogin" time="25.409"/>
  <testcase classname="script.ValidLogin" name="testValidLogin" time="24.648"/>
</testsuite> <!-- script.ValidLogin -->
