<?xml version="1.0" encoding="UTF-8"?>
<!-- Generated by org.testng.reporters.JUnitReportReporter -->
<testsuite hostname="Lenovo" failures="0" tests="2" name="script.InvalidLogin" time="33.122" errors="0" timestamp="19 Aug 2021 14:12:36 GMT" skipped="0">
  <testcase classname="script.InvalidLogin" name="testValidLogin" time="19.519"/>
  <testcase classname="script.InvalidLogin" name="testValidLogin" time="13.603"/>
</testsuite> <!-- script.InvalidLogin -->
