<?xml version="1.0" encoding="UTF-8"?>
<!-- Generated by org.testng.reporters.JUnitReportReporter -->
<testsuite hostname="Lenovo" failures="0" tests="1" name="script.Test2" time="3.199" errors="0" timestamp="18 Aug 2021 13:46:26 GMT" skipped="0">
  <testcase classname="script.Test2" name="testA" time="3.199"/>
</testsuite> <!-- script.Test2 -->
