<?xml version="1.0" encoding="UTF-8"?>
<!-- Generated by org.testng.reporters.JUnitReportReporter -->
<testsuite hostname="Lenovo" failures="0" tests="1" name="script.Test1" time="12.491" errors="0" timestamp="18 Aug 2021 13:46:26 GMT" skipped="0">
  <testcase classname="script.Test1" name="testA" time="12.491"/>
</testsuite> <!-- script.Test1 -->
